[2019-04-18 15:31:10] laravel.EMERGENCY: Unable to create configured logger. Using emergency logger. {"exception":"[object] (InvalidArgumentException(code: 0): Log [] is not defined. at E:\\DESENVOLVIMENTO\\COMPUTACAO\\Equipac\\vendor\\laravel\\framework\\src\\Illuminate\\Log\\LogManager.php:168)
[stacktrace]
#0 E:\\DESENVOLVIMENTO\\COMPUTACAO\\Equipac\\vendor\\laravel\\framework\\src\\Illuminate\\Log\\LogManager.php(102): Illuminate\\Log\\LogManager->resolve(NULL)
#1 E:\\DESENVOLVIMENTO\\COMPUTACAO\\Equipac\\vendor\\laravel\\framework\\src\\Illuminate\\Log\\LogManager.php(90): Illuminate\\Log\\LogManager->get(NULL)
#2 E:\\DESENVOLVIMENTO\\COMPUTACAO\\Equipac\\vendor\\laravel\\framework\\src\\Illuminate\\Log\\LogManager.php(500): Illuminate\\Log\\LogManager->driver()
#3 E:\\DESENVOLVIMENTO\\COMPUTACAO\\Equipac\\vendor\\laravel\\framework\\src\\Illuminate\\Foundation\\Exceptions\\Handler.php(114): Illuminate\\Log\\LogManager->error('syntax error, u...', Array)
#4 E:\\DESENVOLVIMENTO\\COMPUTACAO\\Equipac\\app\\Exceptions\\Handler.php(37): Illuminate\\Foundation\\Exceptions\\Handler->report(Object(Symfony\\Component\\Debug\\Exception\\FatalThrowableError))
#5 E:\\DESENVOLVIMENTO\\COMPUTACAO\\Equipac\\vendor\\laravel\\framework\\src\\Illuminate\\Foundation\\Http\\Kernel.php(314): equipac\\Exceptions\\Handler->report(Object(Symfony\\Component\\Debug\\Exception\\FatalThrowableError))
#6 E:\\DESENVOLVIMENTO\\COMPUTACAO\\Equipac\\vendor\\laravel\\framework\\src\\Illuminate\\Foundation\\Http\\Kernel.php(122): Illuminate\\Foundation\\Http\\Kernel->reportException(Object(Symfony\\Component\\Debug\\Exception\\FatalThrowableError))
#7 E:\\DESENVOLVIMENTO\\COMPUTACAO\\Equipac\\public\\index.php(55): Illuminate\\Foundation\\Http\\Kernel->handle(Object(Illuminate\\Http\\Request))
#8 E:\\DESENVOLVIMENTO\\COMPUTACAO\\Equipac\\server.php(21): require_once('E:\\\\DESENVOLVIME...')
#9 {main}
"} 
[2019-04-18 15:31:10] laravel.ERROR: syntax error, unexpected ';', expecting ']' {"exception":"[object] (Symfony\\Component\\Debug\\Exception\\FatalThrowableError(code: 0): syntax error, unexpected ';', expecting ']' at E:\\DESENVOLVIMENTO\\COMPUTACAO\\Equipac\\config\\adminlte.php:231)
[stacktrace]
#0 E:\\DESENVOLVIMENTO\\COMPUTACAO\\Equipac\\vendor\\laravel\\framework\\src\\Illuminate\\Foundation\\Bootstrap\\LoadConfiguration.php(39): Illuminate\\Foundation\\Bootstrap\\LoadConfiguration->loadConfigurationFiles(Object(Illuminate\\Foundation\\Application), Object(Illuminate\\Config\\Repository))
#1 E:\\DESENVOLVIMENTO\\COMPUTACAO\\Equipac\\vendor\\laravel\\framework\\src\\Illuminate\\Foundation\\Application.php(210): Illuminate\\Foundation\\Bootstrap\\LoadConfiguration->bootstrap(Object(Illuminate\\Foundation\\Application))
#2 E:\\DESENVOLVIMENTO\\COMPUTACAO\\Equipac\\vendor\\laravel\\framework\\src\\Illuminate\\Foundation\\Http\\Kernel.php(162): Illuminate\\Foundation\\Application->bootstrapWith(Array)
#3 E:\\DESENVOLVIMENTO\\COMPUTACAO\\Equipac\\vendor\\laravel\\framework\\src\\Illuminate\\Foundation\\Http\\Kernel.php(146): Illuminate\\Foundation\\Http\\Kernel->bootstrap()
#4 E:\\DESENVOLVIMENTO\\COMPUTACAO\\Equipac\\vendor\\laravel\\framework\\src\\Illuminate\\Foundation\\Http\\Kernel.php(116): Illuminate\\Foundation\\Http\\Kernel->sendRequestThroughRouter(Object(Illuminate\\Http\\Request))
#5 E:\\DESENVOLVIMENTO\\COMPUTACAO\\Equipac\\public\\index.php(55): Illuminate\\Foundation\\Http\\Kernel->handle(Object(Illuminate\\Http\\Request))
#6 E:\\DESENVOLVIMENTO\\COMPUTACAO\\Equipac\\server.php(21): require_once('E:\\\\DESENVOLVIME...')
#7 {main}
"} 
[2019-04-18 15:31:13] laravel.EMERGENCY: Unable to create configured logger. Using emergency logger. {"exception":"[object] (InvalidArgumentException(code: 0): Log [] is not defined. at E:\\DESENVOLVIMENTO\\COMPUTACAO\\Equipac\\vendor\\laravel\\framework\\src\\Illuminate\\Log\\LogManager.php:168)
[stacktrace]
#0 E:\\DESENVOLVIMENTO\\COMPUTACAO\\Equipac\\vendor\\laravel\\framework\\src\\Illuminate\\Log\\LogManager.php(102): Illuminate\\Log\\LogManager->resolve(NULL)
#1 E:\\DESENVOLVIMENTO\\COMPUTACAO\\Equipac\\vendor\\laravel\\framework\\src\\Illuminate\\Log\\LogManager.php(90): Illuminate\\Log\\LogManager->get(NULL)
#2 E:\\DESENVOLVIMENTO\\COMPUTACAO\\Equipac\\vendor\\laravel\\framework\\src\\Illuminate\\Log\\LogManager.php(500): Illuminate\\Log\\LogManager->driver()
#3 E:\\DESENVOLVIMENTO\\COMPUTACAO\\Equipac\\vendor\\laravel\\framework\\src\\Illuminate\\Foundation\\Exceptions\\Handler.php(114): Illuminate\\Log\\LogManager->error('syntax error, u...', Array)
#4 E:\\DESENVOLVIMENTO\\COMPUTACAO\\Equipac\\app\\Exceptions\\Handler.php(37): Illuminate\\Foundation\\Exceptions\\Handler->report(Object(Symfony\\Component\\Debug\\Exception\\FatalThrowableError))
#5 E:\\DESENVOLVIMENTO\\COMPUTACAO\\Equipac\\vendor\\laravel\\framework\\src\\Illuminate\\Foundation\\Http\\Kernel.php(314): equipac\\Exceptions\\Handler->report(Object(Symfony\\Component\\Debug\\Exception\\FatalThrowableError))
#6 E:\\DESENVOLVIMENTO\\COMPUTACAO\\Equipac\\vendor\\laravel\\framework\\src\\Illuminate\\Foundation\\Http\\Kernel.php(122): Illuminate\\Foundation\\Http\\Kernel->reportException(Object(Symfony\\Component\\Debug\\Exception\\FatalThrowableError))
#7 E:\\DESENVOLVIMENTO\\COMPUTACAO\\Equipac\\public\\index.php(55): Illuminate\\Foundation\\Http\\Kernel->handle(Object(Illuminate\\Http\\Request))
#8 E:\\DESENVOLVIMENTO\\COMPUTACAO\\Equipac\\server.php(21): require_once('E:\\\\DESENVOLVIME...')
#9 {main}
"} 
[2019-04-18 15:31:13] laravel.ERROR: syntax error, unexpected ';', expecting ']' {"exception":"[object] (Symfony\\Component\\Debug\\Exception\\FatalThrowableError(code: 0): syntax error, unexpected ';', expecting ']' at E:\\DESENVOLVIMENTO\\COMPUTACAO\\Equipac\\config\\adminlte.php:231)
[stacktrace]
#0 E:\\DESENVOLVIMENTO\\COMPUTACAO\\Equipac\\vendor\\laravel\\framework\\src\\Illuminate\\Foundation\\Bootstrap\\LoadConfiguration.php(39): Illuminate\\Foundation\\Bootstrap\\LoadConfiguration->loadConfigurationFiles(Object(Illuminate\\Foundation\\Application), Object(Illuminate\\Config\\Repository))
#1 E:\\DESENVOLVIMENTO\\COMPUTACAO\\Equipac\\vendor\\laravel\\framework\\src\\Illuminate\\Foundation\\Application.php(210): Illuminate\\Foundation\\Bootstrap\\LoadConfiguration->bootstrap(Object(Illuminate\\Foundation\\Application))
#2 E:\\DESENVOLVIMENTO\\COMPUTACAO\\Equipac\\vendor\\laravel\\framework\\src\\Illuminate\\Foundation\\Http\\Kernel.php(162): Illuminate\\Foundation\\Application->bootstrapWith(Array)
#3 E:\\DESENVOLVIMENTO\\COMPUTACAO\\Equipac\\vendor\\laravel\\framework\\src\\Illuminate\\Foundation\\Http\\Kernel.php(146): Illuminate\\Foundation\\Http\\Kernel->bootstrap()
#4 E:\\DESENVOLVIMENTO\\COMPUTACAO\\Equipac\\vendor\\laravel\\framework\\src\\Illuminate\\Foundation\\Http\\Kernel.php(116): Illuminate\\Foundation\\Http\\Kernel->sendRequestThroughRouter(Object(Illuminate\\Http\\Request))
#5 E:\\DESENVOLVIMENTO\\COMPUTACAO\\Equipac\\public\\index.php(55): Illuminate\\Foundation\\Http\\Kernel->handle(Object(Illuminate\\Http\\Request))
#6 E:\\DESENVOLVIMENTO\\COMPUTACAO\\Equipac\\server.php(21): require_once('E:\\\\DESENVOLVIME...')
#7 {main}
"} 
[2019-04-18 15:32:36] laravel.EMERGENCY: Unable to create configured logger. Using emergency logger. {"exception":"[object] (InvalidArgumentException(code: 0): Log [] is not defined. at E:\\DESENVOLVIMENTO\\COMPUTACAO\\Equipac\\vendor\\laravel\\framework\\src\\Illuminate\\Log\\LogManager.php:168)
[stacktrace]
#0 E:\\DESENVOLVIMENTO\\COMPUTACAO\\Equipac\\vendor\\laravel\\framework\\src\\Illuminate\\Log\\LogManager.php(102): Illuminate\\Log\\LogManager->resolve(NULL)
#1 E:\\DESENVOLVIMENTO\\COMPUTACAO\\Equipac\\vendor\\laravel\\framework\\src\\Illuminate\\Log\\LogManager.php(90): Illuminate\\Log\\LogManager->get(NULL)
#2 E:\\DESENVOLVIMENTO\\COMPUTACAO\\Equipac\\vendor\\laravel\\framework\\src\\Illuminate\\Log\\LogManager.php(500): Illuminate\\Log\\LogManager->driver()
#3 E:\\DESENVOLVIMENTO\\COMPUTACAO\\Equipac\\vendor\\laravel\\framework\\src\\Illuminate\\Foundation\\Exceptions\\Handler.php(114): Illuminate\\Log\\LogManager->error('syntax error, u...', Array)
#4 E:\\DESENVOLVIMENTO\\COMPUTACAO\\Equipac\\app\\Exceptions\\Handler.php(37): Illuminate\\Foundation\\Exceptions\\Handler->report(Object(Symfony\\Component\\Debug\\Exception\\FatalThrowableError))
#5 E:\\DESENVOLVIMENTO\\COMPUTACAO\\Equipac\\vendor\\laravel\\framework\\src\\Illuminate\\Foundation\\Console\\Kernel.php(367): equipac\\Exceptions\\Handler->report(Object(Symfony\\Component\\Debug\\Exception\\FatalThrowableError))
#6 E:\\DESENVOLVIMENTO\\COMPUTACAO\\Equipac\\vendor\\laravel\\framework\\src\\Illuminate\\Foundation\\Console\\Kernel.php(132): Illuminate\\Foundation\\Console\\Kernel->reportException(Object(Symfony\\Component\\Debug\\Exception\\FatalThrowableError))
#7 E:\\DESENVOLVIMENTO\\COMPUTACAO\\Equipac\\artisan(37): Illuminate\\Foundation\\Console\\Kernel->handle(Object(Symfony\\Component\\Console\\Input\\ArgvInput), Object(Symfony\\Component\\Console\\Output\\ConsoleOutput))
#8 {main}
"} 
[2019-04-18 15:32:36] laravel.ERROR: syntax error, unexpected ''filters'' (T_CONSTANT_ENCAPSED_STRING), expecting ']' {"exception":"[object] (Symfony\\Component\\Debug\\Exception\\FatalThrowableError(code: 0): syntax error, unexpected ''filters'' (T_CONSTANT_ENCAPSED_STRING), expecting ']' at E:\\DESENVOLVIMENTO\\COMPUTACAO\\Equipac\\config\\adminlte.php:207)
[stacktrace]
#0 E:\\DESENVOLVIMENTO\\COMPUTACAO\\Equipac\\vendor\\laravel\\framework\\src\\Illuminate\\Foundation\\Bootstrap\\LoadConfiguration.php(39): Illuminate\\Foundation\\Bootstrap\\LoadConfiguration->loadConfigurationFiles(Object(Illuminate\\Foundation\\Application), Object(Illuminate\\Config\\Repository))
#1 E:\\DESENVOLVIMENTO\\COMPUTACAO\\Equipac\\vendor\\laravel\\framework\\src\\Illuminate\\Foundation\\Application.php(210): Illuminate\\Foundation\\Bootstrap\\LoadConfiguration->bootstrap(Object(Illuminate\\Foundation\\Application))
#2 E:\\DESENVOLVIMENTO\\COMPUTACAO\\Equipac\\vendor\\laravel\\framework\\src\\Illuminate\\Foundation\\Console\\Kernel.php(311): Illuminate\\Foundation\\Application->bootstrapWith(Array)
#3 E:\\DESENVOLVIMENTO\\COMPUTACAO\\Equipac\\vendor\\laravel\\framework\\src\\Illuminate\\Foundation\\Console\\Kernel.php(120): Illuminate\\Foundation\\Console\\Kernel->bootstrap()
#4 E:\\DESENVOLVIMENTO\\COMPUTACAO\\Equipac\\artisan(37): Illuminate\\Foundation\\Console\\Kernel->handle(Object(Symfony\\Component\\Console\\Input\\ArgvInput), Object(Symfony\\Component\\Console\\Output\\ConsoleOutput))
#5 {main}
"} 
[2019-04-21 17:29:12] laravel.EMERGENCY: Unable to create configured logger. Using emergency logger. {"exception":"[object] (InvalidArgumentException(code: 0): Log [] is not defined. at E:\\DESENVOLVIMENTO\\COMPUTACAO\\Equipac\\vendor\\laravel\\framework\\src\\Illuminate\\Log\\LogManager.php:168)
[stacktrace]
#0 E:\\DESENVOLVIMENTO\\COMPUTACAO\\Equipac\\vendor\\laravel\\framework\\src\\Illuminate\\Log\\LogManager.php(102): Illuminate\\Log\\LogManager->resolve(NULL)
#1 E:\\DESENVOLVIMENTO\\COMPUTACAO\\Equipac\\vendor\\laravel\\framework\\src\\Illuminate\\Log\\LogManager.php(90): Illuminate\\Log\\LogManager->get(NULL)
#2 E:\\DESENVOLVIMENTO\\COMPUTACAO\\Equipac\\vendor\\laravel\\framework\\src\\Illuminate\\Log\\LogManager.php(500): Illuminate\\Log\\LogManager->driver()
#3 E:\\DESENVOLVIMENTO\\COMPUTACAO\\Equipac\\vendor\\laravel\\framework\\src\\Illuminate\\Foundation\\Exceptions\\Handler.php(114): Illuminate\\Log\\LogManager->error('syntax error, u...', Array)
#4 E:\\DESENVOLVIMENTO\\COMPUTACAO\\Equipac\\app\\Exceptions\\Handler.php(37): Illuminate\\Foundation\\Exceptions\\Handler->report(Object(Symfony\\Component\\Debug\\Exception\\FatalThrowableError))
#5 E:\\DESENVOLVIMENTO\\COMPUTACAO\\Equipac\\vendor\\laravel\\framework\\src\\Illuminate\\Foundation\\Http\\Kernel.php(314): equipac\\Exceptions\\Handler->report(Object(Symfony\\Component\\Debug\\Exception\\FatalThrowableError))
#6 E:\\DESENVOLVIMENTO\\COMPUTACAO\\Equipac\\vendor\\laravel\\framework\\src\\Illuminate\\Foundation\\Http\\Kernel.php(122): Illuminate\\Foundation\\Http\\Kernel->reportException(Object(Symfony\\Component\\Debug\\Exception\\FatalThrowableError))
#7 E:\\DESENVOLVIMENTO\\COMPUTACAO\\Equipac\\public\\index.php(55): Illuminate\\Foundation\\Http\\Kernel->handle(Object(Illuminate\\Http\\Request))
#8 E:\\DESENVOLVIMENTO\\COMPUTACAO\\Equipac\\server.php(21): require_once('E:\\\\DESENVOLVIME...')
#9 {main}
"} 
[2019-04-21 17:29:12] laravel.ERROR: syntax error, unexpected ''title_prefix'' (T_CONSTANT_ENCAPSED_STRING), expecting ']' {"exception":"[object] (Symfony\\Component\\Debug\\Exception\\FatalThrowableError(code: 0): syntax error, unexpected ''title_prefix'' (T_CONSTANT_ENCAPSED_STRING), expecting ']' at E:\\DESENVOLVIMENTO\\COMPUTACAO\\Equipac\\config\\adminlte.php:19)
[stacktrace]
#0 E:\\DESENVOLVIMENTO\\COMPUTACAO\\Equipac\\vendor\\laravel\\framework\\src\\Illuminate\\Foundation\\Bootstrap\\LoadConfiguration.php(39): Illuminate\\Foundation\\Bootstrap\\LoadConfiguration->loadConfigurationFiles(Object(Illuminate\\Foundation\\Application), Object(Illuminate\\Config\\Repository))
#1 E:\\DESENVOLVIMENTO\\COMPUTACAO\\Equipac\\vendor\\laravel\\framework\\src\\Illuminate\\Foundation\\Application.php(210): Illuminate\\Foundation\\Bootstrap\\LoadConfiguration->bootstrap(Object(Illuminate\\Foundation\\Application))
#2 E:\\DESENVOLVIMENTO\\COMPUTACAO\\Equipac\\vendor\\laravel\\framework\\src\\Illuminate\\Foundation\\Http\\Kernel.php(162): Illuminate\\Foundation\\Application->bootstrapWith(Array)
#3 E:\\DESENVOLVIMENTO\\COMPUTACAO\\Equipac\\vendor\\laravel\\framework\\src\\Illuminate\\Foundation\\Http\\Kernel.php(146): Illuminate\\Foundation\\Http\\Kernel->bootstrap()
#4 E:\\DESENVOLVIMENTO\\COMPUTACAO\\Equipac\\vendor\\laravel\\framework\\src\\Illuminate\\Foundation\\Http\\Kernel.php(116): Illuminate\\Foundation\\Http\\Kernel->sendRequestThroughRouter(Object(Illuminate\\Http\\Request))
#5 E:\\DESENVOLVIMENTO\\COMPUTACAO\\Equipac\\public\\index.php(55): Illuminate\\Foundation\\Http\\Kernel->handle(Object(Illuminate\\Http\\Request))
#6 E:\\DESENVOLVIMENTO\\COMPUTACAO\\Equipac\\server.php(21): require_once('E:\\\\DESENVOLVIME...')
#7 {main}
"} 
[2019-04-21 17:29:15] laravel.EMERGENCY: Unable to create configured logger. Using emergency logger. {"exception":"[object] (InvalidArgumentException(code: 0): Log [] is not defined. at E:\\DESENVOLVIMENTO\\COMPUTACAO\\Equipac\\vendor\\laravel\\framework\\src\\Illuminate\\Log\\LogManager.php:168)
[stacktrace]
#0 E:\\DESENVOLVIMENTO\\COMPUTACAO\\Equipac\\vendor\\laravel\\framework\\src\\Illuminate\\Log\\LogManager.php(102): Illuminate\\Log\\LogManager->resolve(NULL)
#1 E:\\DESENVOLVIMENTO\\COMPUTACAO\\Equipac\\vendor\\laravel\\framework\\src\\Illuminate\\Log\\LogManager.php(90): Illuminate\\Log\\LogManager->get(NULL)
#2 E:\\DESENVOLVIMENTO\\COMPUTACAO\\Equipac\\vendor\\laravel\\framework\\src\\Illuminate\\Log\\LogManager.php(500): Illuminate\\Log\\LogManager->driver()
#3 E:\\DESENVOLVIMENTO\\COMPUTACAO\\Equipac\\vendor\\laravel\\framework\\src\\Illuminate\\Foundation\\Exceptions\\Handler.php(114): Illuminate\\Log\\LogManager->error('syntax error, u...', Array)
#4 E:\\DESENVOLVIMENTO\\COMPUTACAO\\Equipac\\app\\Exceptions\\Handler.php(37): Illuminate\\Foundation\\Exceptions\\Handler->report(Object(Symfony\\Component\\Debug\\Exception\\FatalThrowableError))
#5 E:\\DESENVOLVIMENTO\\COMPUTACAO\\Equipac\\vendor\\laravel\\framework\\src\\Illuminate\\Foundation\\Http\\Kernel.php(314): equipac\\Exceptions\\Handler->report(Object(Symfony\\Component\\Debug\\Exception\\FatalThrowableError))
#6 E:\\DESENVOLVIMENTO\\COMPUTACAO\\Equipac\\vendor\\laravel\\framework\\src\\Illuminate\\Foundation\\Http\\Kernel.php(122): Illuminate\\Foundation\\Http\\Kernel->reportException(Object(Symfony\\Component\\Debug\\Exception\\FatalThrowableError))
#7 E:\\DESENVOLVIMENTO\\COMPUTACAO\\Equipac\\public\\index.php(55): Illuminate\\Foundation\\Http\\Kernel->handle(Object(Illuminate\\Http\\Request))
#8 E:\\DESENVOLVIMENTO\\COMPUTACAO\\Equipac\\server.php(21): require_once('E:\\\\DESENVOLVIME...')
#9 {main}
"} 
[2019-04-21 17:29:15] laravel.ERROR: syntax error, unexpected ''title_prefix'' (T_CONSTANT_ENCAPSED_STRING), expecting ']' {"exception":"[object] (Symfony\\Component\\Debug\\Exception\\FatalThrowableError(code: 0): syntax error, unexpected ''title_prefix'' (T_CONSTANT_ENCAPSED_STRING), expecting ']' at E:\\DESENVOLVIMENTO\\COMPUTACAO\\Equipac\\config\\adminlte.php:19)
[stacktrace]
#0 E:\\DESENVOLVIMENTO\\COMPUTACAO\\Equipac\\vendor\\laravel\\framework\\src\\Illuminate\\Foundation\\Bootstrap\\LoadConfiguration.php(39): Illuminate\\Foundation\\Bootstrap\\LoadConfiguration->loadConfigurationFiles(Object(Illuminate\\Foundation\\Application), Object(Illuminate\\Config\\Repository))
#1 E:\\DESENVOLVIMENTO\\COMPUTACAO\\Equipac\\vendor\\laravel\\framework\\src\\Illuminate\\Foundation\\Application.php(210): Illuminate\\Foundation\\Bootstrap\\LoadConfiguration->bootstrap(Object(Illuminate\\Foundation\\Application))
#2 E:\\DESENVOLVIMENTO\\COMPUTACAO\\Equipac\\vendor\\laravel\\framework\\src\\Illuminate\\Foundation\\Http\\Kernel.php(162): Illuminate\\Foundation\\Application->bootstrapWith(Array)
#3 E:\\DESENVOLVIMENTO\\COMPUTACAO\\Equipac\\vendor\\laravel\\framework\\src\\Illuminate\\Foundation\\Http\\Kernel.php(146): Illuminate\\Foundation\\Http\\Kernel->bootstrap()
#4 E:\\DESENVOLVIMENTO\\COMPUTACAO\\Equipac\\vendor\\laravel\\framework\\src\\Illuminate\\Foundation\\Http\\Kernel.php(116): Illuminate\\Foundation\\Http\\Kernel->sendRequestThroughRouter(Object(Illuminate\\Http\\Request))
#5 E:\\DESENVOLVIMENTO\\COMPUTACAO\\Equipac\\public\\index.php(55): Illuminate\\Foundation\\Http\\Kernel->handle(Object(Illuminate\\Http\\Request))
#6 E:\\DESENVOLVIMENTO\\COMPUTACAO\\Equipac\\server.php(21): require_once('E:\\\\DESENVOLVIME...')
#7 {main}
"} 
[2019-04-22 19:34:23] laravel.EMERGENCY: Unable to create configured logger. Using emergency logger. {"exception":"[object] (InvalidArgumentException(code: 0): Log [] is not defined. at E:\\DESENVOLVIMENTO\\COMPUTACAO\\Equipac\\vendor\\laravel\\framework\\src\\Illuminate\\Log\\LogManager.php:168)
[stacktrace]
#0 E:\\DESENVOLVIMENTO\\COMPUTACAO\\Equipac\\vendor\\laravel\\framework\\src\\Illuminate\\Log\\LogManager.php(102): Illuminate\\Log\\LogManager->resolve(NULL)
#1 E:\\DESENVOLVIMENTO\\COMPUTACAO\\Equipac\\vendor\\laravel\\framework\\src\\Illuminate\\Log\\LogManager.php(90): Illuminate\\Log\\LogManager->get(NULL)
#2 E:\\DESENVOLVIMENTO\\COMPUTACAO\\Equipac\\vendor\\laravel\\framework\\src\\Illuminate\\Log\\LogManager.php(500): Illuminate\\Log\\LogManager->driver()
#3 E:\\DESENVOLVIMENTO\\COMPUTACAO\\Equipac\\vendor\\laravel\\framework\\src\\Illuminate\\Foundation\\Exceptions\\Handler.php(114): Illuminate\\Log\\LogManager->error('Class auth does...', Array)
#4 E:\\DESENVOLVIMENTO\\COMPUTACAO\\Equipac\\app\\Exceptions\\Handler.php(37): Illuminate\\Foundation\\Exceptions\\Handler->report(Object(ReflectionException))
#5 E:\\DESENVOLVIMENTO\\COMPUTACAO\\Equipac\\vendor\\laravel\\framework\\src\\Illuminate\\Foundation\\Http\\Kernel.php(314): equipac\\Exceptions\\Handler->report(Object(ReflectionException))
#6 E:\\DESENVOLVIMENTO\\COMPUTACAO\\Equipac\\vendor\\laravel\\framework\\src\\Illuminate\\Foundation\\Http\\Kernel.php(118): Illuminate\\Foundation\\Http\\Kernel->reportException(Object(ReflectionException))
#7 E:\\DESENVOLVIMENTO\\COMPUTACAO\\Equipac\\public\\index.php(55): Illuminate\\Foundation\\Http\\Kernel->handle(Object(Illuminate\\Http\\Request))
#8 E:\\DESENVOLVIMENTO\\COMPUTACAO\\Equipac\\server.php(21): require_once('E:\\\\DESENVOLVIME...')
#9 {main}
"} 
[2019-04-22 19:34:24] laravel.ERROR: Class auth does not exist {"exception":"[object] (ReflectionException(code: -1): Class auth does not exist at E:\\DESENVOLVIMENTO\\COMPUTACAO\\Equipac\\vendor\\laravel\\framework\\src\\Illuminate\\Container\\Container.php:794)
[stacktrace]
#0 E:\\DESENVOLVIMENTO\\COMPUTACAO\\Equipac\\vendor\\laravel\\framework\\src\\Illuminate\\Container\\Container.php(794): ReflectionClass->__construct('auth')
#1 E:\\DESENVOLVIMENTO\\COMPUTACAO\\Equipac\\vendor\\laravel\\framework\\src\\Illuminate\\Container\\Container.php(671): Illuminate\\Container\\Container->build('auth')
#2 E:\\DESENVOLVIMENTO\\COMPUTACAO\\Equipac\\vendor\\laravel\\framework\\src\\Illuminate\\Container\\Container.php(619): Illuminate\\Container\\Container->resolve('auth', Array)
#3 E:\\DESENVOLVIMENTO\\COMPUTACAO\\Equipac\\vendor\\laravel\\framework\\src\\Illuminate\\Foundation\\Application.php(757): Illuminate\\Container\\Container->make('auth', Array)
#4 E:\\DESENVOLVIMENTO\\COMPUTACAO\\Equipac\\vendor\\laravel\\framework\\src\\Illuminate\\Foundation\\helpers.php(121): Illuminate\\Foundation\\Application->make('auth', Array)
#5 E:\\DESENVOLVIMENTO\\COMPUTACAO\\Equipac\\vendor\\laravel\\framework\\src\\Illuminate\\Foundation\\helpers.php(162): app('Illuminate\\\\Cont...')
#6 E:\\DESENVOLVIMENTO\\COMPUTACAO\\Equipac\\config\\adminlte.php(88): auth()
#7 E:\\DESENVOLVIMENTO\\COMPUTACAO\\Equipac\\vendor\\laravel\\framework\\src\\Illuminate\\Foundation\\Bootstrap\\LoadConfiguration.php(72): require('E:\\\\DESENVOLVIME...')
#8 E:\\DESENVOLVIMENTO\\COMPUTACAO\\Equipac\\vendor\\laravel\\framework\\src\\Illuminate\\Foundation\\Bootstrap\\LoadConfiguration.php(39): Illuminate\\Foundation\\Bootstrap\\LoadConfiguration->loadConfigurationFiles(Object(Illuminate\\Foundation\\Application), Object(Illuminate\\Config\\Repository))
#9 E:\\DESENVOLVIMENTO\\COMPUTACAO\\Equipac\\vendor\\laravel\\framework\\src\\Illuminate\\Foundation\\Application.php(210): Illuminate\\Foundation\\Bootstrap\\LoadConfiguration->bootstrap(Object(Illuminate\\Foundation\\Application))
#10 E:\\DESENVOLVIMENTO\\COMPUTACAO\\Equipac\\vendor\\laravel\\framework\\src\\Illuminate\\Foundation\\Http\\Kernel.php(162): Illuminate\\Foundation\\Application->bootstrapWith(Array)
#11 E:\\DESENVOLVIMENTO\\COMPUTACAO\\Equipac\\vendor\\laravel\\framework\\src\\Illuminate\\Foundation\\Http\\Kernel.php(146): Illuminate\\Foundation\\Http\\Kernel->bootstrap()
#12 E:\\DESENVOLVIMENTO\\COMPUTACAO\\Equipac\\vendor\\laravel\\framework\\src\\Illuminate\\Foundation\\Http\\Kernel.php(116): Illuminate\\Foundation\\Http\\Kernel->sendRequestThroughRouter(Object(Illuminate\\Http\\Request))
#13 E:\\DESENVOLVIMENTO\\COMPUTACAO\\Equipac\\public\\index.php(55): Illuminate\\Foundation\\Http\\Kernel->handle(Object(Illuminate\\Http\\Request))
#14 E:\\DESENVOLVIMENTO\\COMPUTACAO\\Equipac\\server.php(21): require_once('E:\\\\DESENVOLVIME...')
#15 {main}
"} 
[2019-04-22 19:34:26] laravel.EMERGENCY: Unable to create configured logger. Using emergency logger. {"exception":"[object] (InvalidArgumentException(code: 0): Log [] is not defined. at E:\\DESENVOLVIMENTO\\COMPUTACAO\\Equipac\\vendor\\laravel\\framework\\src\\Illuminate\\Log\\LogManager.php:168)
[stacktrace]
#0 E:\\DESENVOLVIMENTO\\COMPUTACAO\\Equipac\\vendor\\laravel\\framework\\src\\Illuminate\\Log\\LogManager.php(102): Illuminate\\Log\\LogManager->resolve(NULL)
#1 E:\\DESENVOLVIMENTO\\COMPUTACAO\\Equipac\\vendor\\laravel\\framework\\src\\Illuminate\\Log\\LogManager.php(90): Illuminate\\Log\\LogManager->get(NULL)
#2 E:\\DESENVOLVIMENTO\\COMPUTACAO\\Equipac\\vendor\\laravel\\framework\\src\\Illuminate\\Log\\LogManager.php(500): Illuminate\\Log\\LogManager->driver()
#3 E:\\DESENVOLVIMENTO\\COMPUTACAO\\Equipac\\vendor\\laravel\\framework\\src\\Illuminate\\Foundation\\Exceptions\\Handler.php(114): Illuminate\\Log\\LogManager->error('Class auth does...', Array)
#4 E:\\DESENVOLVIMENTO\\COMPUTACAO\\Equipac\\app\\Exceptions\\Handler.php(37): Illuminate\\Foundation\\Exceptions\\Handler->report(Object(ReflectionException))
#5 E:\\DESENVOLVIMENTO\\COMPUTACAO\\Equipac\\vendor\\laravel\\framework\\src\\Illuminate\\Foundation\\Http\\Kernel.php(314): equipac\\Exceptions\\Handler->report(Object(ReflectionException))
#6 E:\\DESENVOLVIMENTO\\COMPUTACAO\\Equipac\\vendor\\laravel\\framework\\src\\Illuminate\\Foundation\\Http\\Kernel.php(118): Illuminate\\Foundation\\Http\\Kernel->reportException(Object(ReflectionException))
#7 E:\\DESENVOLVIMENTO\\COMPUTACAO\\Equipac\\public\\index.php(55): Illuminate\\Foundation\\Http\\Kernel->handle(Object(Illuminate\\Http\\Request))
#8 E:\\DESENVOLVIMENTO\\COMPUTACAO\\Equipac\\server.php(21): require_once('E:\\\\DESENVOLVIME...')
#9 {main}
"} 
[2019-04-22 19:34:26] laravel.ERROR: Class auth does not exist {"exception":"[object] (ReflectionException(code: -1): Class auth does not exist at E:\\DESENVOLVIMENTO\\COMPUTACAO\\Equipac\\vendor\\laravel\\framework\\src\\Illuminate\\Container\\Container.php:794)
[stacktrace]
#0 E:\\DESENVOLVIMENTO\\COMPUTACAO\\Equipac\\vendor\\laravel\\framework\\src\\Illuminate\\Container\\Container.php(794): ReflectionClass->__construct('auth')
#1 E:\\DESENVOLVIMENTO\\COMPUTACAO\\Equipac\\vendor\\laravel\\framework\\src\\Illuminate\\Container\\Container.php(671): Illuminate\\Container\\Container->build('auth')
#2 E:\\DESENVOLVIMENTO\\COMPUTACAO\\Equipac\\vendor\\laravel\\framework\\src\\Illuminate\\Container\\Container.php(619): Illuminate\\Container\\Container->resolve('auth', Array)
#3 E:\\DESENVOLVIMENTO\\COMPUTACAO\\Equipac\\vendor\\laravel\\framework\\src\\Illuminate\\Foundation\\Application.php(757): Illuminate\\Container\\Container->make('auth', Array)
#4 E:\\DESENVOLVIMENTO\\COMPUTACAO\\Equipac\\vendor\\laravel\\framework\\src\\Illuminate\\Foundation\\helpers.php(121): Illuminate\\Foundation\\Application->make('auth', Array)
#5 E:\\DESENVOLVIMENTO\\COMPUTACAO\\Equipac\\vendor\\laravel\\framework\\src\\Illuminate\\Foundation\\helpers.php(162): app('Illuminate\\\\Cont...')
#6 E:\\DESENVOLVIMENTO\\COMPUTACAO\\Equipac\\config\\adminlte.php(88): auth()
#7 E:\\DESENVOLVIMENTO\\COMPUTACAO\\Equipac\\vendor\\laravel\\framework\\src\\Illuminate\\Foundation\\Bootstrap\\LoadConfiguration.php(72): require('E:\\\\DESENVOLVIME...')
#8 E:\\DESENVOLVIMENTO\\COMPUTACAO\\Equipac\\vendor\\laravel\\framework\\src\\Illuminate\\Foundation\\Bootstrap\\LoadConfiguration.php(39): Illuminate\\Foundation\\Bootstrap\\LoadConfiguration->loadConfigurationFiles(Object(Illuminate\\Foundation\\Application), Object(Illuminate\\Config\\Repository))
#9 E:\\DESENVOLVIMENTO\\COMPUTACAO\\Equipac\\vendor\\laravel\\framework\\src\\Illuminate\\Foundation\\Application.php(210): Illuminate\\Foundation\\Bootstrap\\LoadConfiguration->bootstrap(Object(Illuminate\\Foundation\\Application))
#10 E:\\DESENVOLVIMENTO\\COMPUTACAO\\Equipac\\vendor\\laravel\\framework\\src\\Illuminate\\Foundation\\Http\\Kernel.php(162): Illuminate\\Foundation\\Application->bootstrapWith(Array)
#11 E:\\DESENVOLVIMENTO\\COMPUTACAO\\Equipac\\vendor\\laravel\\framework\\src\\Illuminate\\Foundation\\Http\\Kernel.php(146): Illuminate\\Foundation\\Http\\Kernel->bootstrap()
#12 E:\\DESENVOLVIMENTO\\COMPUTACAO\\Equipac\\vendor\\laravel\\framework\\src\\Illuminate\\Foundation\\Http\\Kernel.php(116): Illuminate\\Foundation\\Http\\Kernel->sendRequestThroughRouter(Object(Illuminate\\Http\\Request))
#13 E:\\DESENVOLVIMENTO\\COMPUTACAO\\Equipac\\public\\index.php(55): Illuminate\\Foundation\\Http\\Kernel->handle(Object(Illuminate\\Http\\Request))
#14 E:\\DESENVOLVIMENTO\\COMPUTACAO\\Equipac\\server.php(21): require_once('E:\\\\DESENVOLVIME...')
#15 {main}
"} 
[2019-04-22 19:34:36] laravel.EMERGENCY: Unable to create configured logger. Using emergency logger. {"exception":"[object] (InvalidArgumentException(code: 0): Log [] is not defined. at E:\\DESENVOLVIMENTO\\COMPUTACAO\\Equipac\\vendor\\laravel\\framework\\src\\Illuminate\\Log\\LogManager.php:168)
[stacktrace]
#0 E:\\DESENVOLVIMENTO\\COMPUTACAO\\Equipac\\vendor\\laravel\\framework\\src\\Illuminate\\Log\\LogManager.php(102): Illuminate\\Log\\LogManager->resolve(NULL)
#1 E:\\DESENVOLVIMENTO\\COMPUTACAO\\Equipac\\vendor\\laravel\\framework\\src\\Illuminate\\Log\\LogManager.php(90): Illuminate\\Log\\LogManager->get(NULL)
#2 E:\\DESENVOLVIMENTO\\COMPUTACAO\\Equipac\\vendor\\laravel\\framework\\src\\Illuminate\\Log\\LogManager.php(500): Illuminate\\Log\\LogManager->driver()
#3 E:\\DESENVOLVIMENTO\\COMPUTACAO\\Equipac\\vendor\\laravel\\framework\\src\\Illuminate\\Foundation\\Exceptions\\Handler.php(114): Illuminate\\Log\\LogManager->error('Class auth does...', Array)
#4 E:\\DESENVOLVIMENTO\\COMPUTACAO\\Equipac\\app\\Exceptions\\Handler.php(37): Illuminate\\Foundation\\Exceptions\\Handler->report(Object(ReflectionException))
#5 E:\\DESENVOLVIMENTO\\COMPUTACAO\\Equipac\\vendor\\laravel\\framework\\src\\Illuminate\\Foundation\\Http\\Kernel.php(314): equipac\\Exceptions\\Handler->report(Object(ReflectionException))
#6 E:\\DESENVOLVIMENTO\\COMPUTACAO\\Equipac\\vendor\\laravel\\framework\\src\\Illuminate\\Foundation\\Http\\Kernel.php(118): Illuminate\\Foundation\\Http\\Kernel->reportException(Object(ReflectionException))
#7 E:\\DESENVOLVIMENTO\\COMPUTACAO\\Equipac\\public\\index.php(55): Illuminate\\Foundation\\Http\\Kernel->handle(Object(Illuminate\\Http\\Request))
#8 E:\\DESENVOLVIMENTO\\COMPUTACAO\\Equipac\\server.php(21): require_once('E:\\\\DESENVOLVIME...')
#9 {main}
"} 
[2019-04-22 19:34:36] laravel.ERROR: Class auth does not exist {"exception":"[object] (ReflectionException(code: -1): Class auth does not exist at E:\\DESENVOLVIMENTO\\COMPUTACAO\\Equipac\\vendor\\laravel\\framework\\src\\Illuminate\\Container\\Container.php:794)
[stacktrace]
#0 E:\\DESENVOLVIMENTO\\COMPUTACAO\\Equipac\\vendor\\laravel\\framework\\src\\Illuminate\\Container\\Container.php(794): ReflectionClass->__construct('auth')
#1 E:\\DESENVOLVIMENTO\\COMPUTACAO\\Equipac\\vendor\\laravel\\framework\\src\\Illuminate\\Container\\Container.php(671): Illuminate\\Container\\Container->build('auth')
#2 E:\\DESENVOLVIMENTO\\COMPUTACAO\\Equipac\\vendor\\laravel\\framework\\src\\Illuminate\\Container\\Container.php(619): Illuminate\\Container\\Container->resolve('auth', Array)
#3 E:\\DESENVOLVIMENTO\\COMPUTACAO\\Equipac\\vendor\\laravel\\framework\\src\\Illuminate\\Foundation\\Application.php(757): Illuminate\\Container\\Container->make('auth', Array)
#4 E:\\DESENVOLVIMENTO\\COMPUTACAO\\Equipac\\vendor\\laravel\\framework\\src\\Illuminate\\Foundation\\helpers.php(121): Illuminate\\Foundation\\Application->make('auth', Array)
#5 E:\\DESENVOLVIMENTO\\COMPUTACAO\\Equipac\\vendor\\laravel\\framework\\src\\Illuminate\\Foundation\\helpers.php(162): app('Illuminate\\\\Cont...')
#6 E:\\DESENVOLVIMENTO\\COMPUTACAO\\Equipac\\config\\adminlte.php(88): auth()
#7 E:\\DESENVOLVIMENTO\\COMPUTACAO\\Equipac\\vendor\\laravel\\framework\\src\\Illuminate\\Foundation\\Bootstrap\\LoadConfiguration.php(72): require('E:\\\\DESENVOLVIME...')
#8 E:\\DESENVOLVIMENTO\\COMPUTACAO\\Equipac\\vendor\\laravel\\framework\\src\\Illuminate\\Foundation\\Bootstrap\\LoadConfiguration.php(39): Illuminate\\Foundation\\Bootstrap\\LoadConfiguration->loadConfigurationFiles(Object(Illuminate\\Foundation\\Application), Object(Illuminate\\Config\\Repository))
#9 E:\\DESENVOLVIMENTO\\COMPUTACAO\\Equipac\\vendor\\laravel\\framework\\src\\Illuminate\\Foundation\\Application.php(210): Illuminate\\Foundation\\Bootstrap\\LoadConfiguration->bootstrap(Object(Illuminate\\Foundation\\Application))
#10 E:\\DESENVOLVIMENTO\\COMPUTACAO\\Equipac\\vendor\\laravel\\framework\\src\\Illuminate\\Foundation\\Http\\Kernel.php(162): Illuminate\\Foundation\\Application->bootstrapWith(Array)
#11 E:\\DESENVOLVIMENTO\\COMPUTACAO\\Equipac\\vendor\\laravel\\framework\\src\\Illuminate\\Foundation\\Http\\Kernel.php(146): Illuminate\\Foundation\\Http\\Kernel->bootstrap()
#12 E:\\DESENVOLVIMENTO\\COMPUTACAO\\Equipac\\vendor\\laravel\\framework\\src\\Illuminate\\Foundation\\Http\\Kernel.php(116): Illuminate\\Foundation\\Http\\Kernel->sendRequestThroughRouter(Object(Illuminate\\Http\\Request))
#13 E:\\DESENVOLVIMENTO\\COMPUTACAO\\Equipac\\public\\index.php(55): Illuminate\\Foundation\\Http\\Kernel->handle(Object(Illuminate\\Http\\Request))
#14 E:\\DESENVOLVIMENTO\\COMPUTACAO\\Equipac\\server.php(21): require_once('E:\\\\DESENVOLVIME...')
#15 {main}
"} 
[2019-04-22 19:55:17] laravel.EMERGENCY: Unable to create configured logger. Using emergency logger. {"exception":"[object] (InvalidArgumentException(code: 0): Log [] is not defined. at E:\\DESENVOLVIMENTO\\COMPUTACAO\\Equipac\\vendor\\laravel\\framework\\src\\Illuminate\\Log\\LogManager.php:168)
[stacktrace]
#0 E:\\DESENVOLVIMENTO\\COMPUTACAO\\Equipac\\vendor\\laravel\\framework\\src\\Illuminate\\Log\\LogManager.php(102): Illuminate\\Log\\LogManager->resolve(NULL)
#1 E:\\DESENVOLVIMENTO\\COMPUTACAO\\Equipac\\vendor\\laravel\\framework\\src\\Illuminate\\Log\\LogManager.php(90): Illuminate\\Log\\LogManager->get(NULL)
#2 E:\\DESENVOLVIMENTO\\COMPUTACAO\\Equipac\\vendor\\laravel\\framework\\src\\Illuminate\\Log\\LogManager.php(500): Illuminate\\Log\\LogManager->driver()
#3 E:\\DESENVOLVIMENTO\\COMPUTACAO\\Equipac\\vendor\\laravel\\framework\\src\\Illuminate\\Foundation\\Exceptions\\Handler.php(114): Illuminate\\Log\\LogManager->error('syntax error, u...', Array)
#4 E:\\DESENVOLVIMENTO\\COMPUTACAO\\Equipac\\app\\Exceptions\\Handler.php(37): Illuminate\\Foundation\\Exceptions\\Handler->report(Object(Symfony\\Component\\Debug\\Exception\\FatalThrowableError))
#5 E:\\DESENVOLVIMENTO\\COMPUTACAO\\Equipac\\vendor\\laravel\\framework\\src\\Illuminate\\Foundation\\Http\\Kernel.php(314): equipac\\Exceptions\\Handler->report(Object(Symfony\\Component\\Debug\\Exception\\FatalThrowableError))
#6 E:\\DESENVOLVIMENTO\\COMPUTACAO\\Equipac\\vendor\\laravel\\framework\\src\\Illuminate\\Foundation\\Http\\Kernel.php(122): Illuminate\\Foundation\\Http\\Kernel->reportException(Object(Symfony\\Component\\Debug\\Exception\\FatalThrowableError))
#7 E:\\DESENVOLVIMENTO\\COMPUTACAO\\Equipac\\public\\index.php(55): Illuminate\\Foundation\\Http\\Kernel->handle(Object(Illuminate\\Http\\Request))
#8 E:\\DESENVOLVIMENTO\\COMPUTACAO\\Equipac\\server.php(21): require_once('E:\\\\DESENVOLVIME...')
#9 {main}
"} 
[2019-04-22 19:55:17] laravel.ERROR: syntax error, unexpected ''logout_url'' (T_CONSTANT_ENCAPSED_STRING), expecting ']' {"exception":"[object] (Symfony\\Component\\Debug\\Exception\\FatalThrowableError(code: 0): syntax error, unexpected ''logout_url'' (T_CONSTANT_ENCAPSED_STRING), expecting ']' at E:\\DESENVOLVIMENTO\\COMPUTACAO\\Equipac\\config\\adminlte.php:90)
[stacktrace]
#0 E:\\DESENVOLVIMENTO\\COMPUTACAO\\Equipac\\vendor\\laravel\\framework\\src\\Illuminate\\Foundation\\Bootstrap\\LoadConfiguration.php(39): Illuminate\\Foundation\\Bootstrap\\LoadConfiguration->loadConfigurationFiles(Object(Illuminate\\Foundation\\Application), Object(Illuminate\\Config\\Repository))
#1 E:\\DESENVOLVIMENTO\\COMPUTACAO\\Equipac\\vendor\\laravel\\framework\\src\\Illuminate\\Foundation\\Application.php(210): Illuminate\\Foundation\\Bootstrap\\LoadConfiguration->bootstrap(Object(Illuminate\\Foundation\\Application))
#2 E:\\DESENVOLVIMENTO\\COMPUTACAO\\Equipac\\vendor\\laravel\\framework\\src\\Illuminate\\Foundation\\Http\\Kernel.php(162): Illuminate\\Foundation\\Application->bootstrapWith(Array)
#3 E:\\DESENVOLVIMENTO\\COMPUTACAO\\Equipac\\vendor\\laravel\\framework\\src\\Illuminate\\Foundation\\Http\\Kernel.php(146): Illuminate\\Foundation\\Http\\Kernel->bootstrap()
#4 E:\\DESENVOLVIMENTO\\COMPUTACAO\\Equipac\\vendor\\laravel\\framework\\src\\Illuminate\\Foundation\\Http\\Kernel.php(116): Illuminate\\Foundation\\Http\\Kernel->sendRequestThroughRouter(Object(Illuminate\\Http\\Request))
#5 E:\\DESENVOLVIMENTO\\COMPUTACAO\\Equipac\\public\\index.php(55): Illuminate\\Foundation\\Http\\Kernel->handle(Object(Illuminate\\Http\\Request))
#6 E:\\DESENVOLVIMENTO\\COMPUTACAO\\Equipac\\server.php(21): require_once('E:\\\\DESENVOLVIME...')
#7 {main}
"} 
[2019-04-22 19:55:41] laravel.EMERGENCY: Unable to create configured logger. Using emergency logger. {"exception":"[object] (InvalidArgumentException(code: 0): Log [] is not defined. at E:\\DESENVOLVIMENTO\\COMPUTACAO\\Equipac\\vendor\\laravel\\framework\\src\\Illuminate\\Log\\LogManager.php:168)
[stacktrace]
#0 E:\\DESENVOLVIMENTO\\COMPUTACAO\\Equipac\\vendor\\laravel\\framework\\src\\Illuminate\\Log\\LogManager.php(102): Illuminate\\Log\\LogManager->resolve(NULL)
#1 E:\\DESENVOLVIMENTO\\COMPUTACAO\\Equipac\\vendor\\laravel\\framework\\src\\Illuminate\\Log\\LogManager.php(90): Illuminate\\Log\\LogManager->get(NULL)
#2 E:\\DESENVOLVIMENTO\\COMPUTACAO\\Equipac\\vendor\\laravel\\framework\\src\\Illuminate\\Log\\LogManager.php(500): Illuminate\\Log\\LogManager->driver()
#3 E:\\DESENVOLVIMENTO\\COMPUTACAO\\Equipac\\vendor\\laravel\\framework\\src\\Illuminate\\Foundation\\Exceptions\\Handler.php(114): Illuminate\\Log\\LogManager->error('syntax error, u...', Array)
#4 E:\\DESENVOLVIMENTO\\COMPUTACAO\\Equipac\\app\\Exceptions\\Handler.php(37): Illuminate\\Foundation\\Exceptions\\Handler->report(Object(Symfony\\Component\\Debug\\Exception\\FatalThrowableError))
#5 E:\\DESENVOLVIMENTO\\COMPUTACAO\\Equipac\\vendor\\laravel\\framework\\src\\Illuminate\\Foundation\\Http\\Kernel.php(314): equipac\\Exceptions\\Handler->report(Object(Symfony\\Component\\Debug\\Exception\\FatalThrowableError))
#6 E:\\DESENVOLVIMENTO\\COMPUTACAO\\Equipac\\vendor\\laravel\\framework\\src\\Illuminate\\Foundation\\Http\\Kernel.php(122): Illuminate\\Foundation\\Http\\Kernel->reportException(Object(Symfony\\Component\\Debug\\Exception\\FatalThrowableError))
#7 E:\\DESENVOLVIMENTO\\COMPUTACAO\\Equipac\\public\\index.php(55): Illuminate\\Foundation\\Http\\Kernel->handle(Object(Illuminate\\Http\\Request))
#8 E:\\DESENVOLVIMENTO\\COMPUTACAO\\Equipac\\server.php(21): require_once('E:\\\\DESENVOLVIME...')
#9 {main}
"} 
[2019-04-22 19:55:41] laravel.ERROR: syntax error, unexpected ''logout_url'' (T_CONSTANT_ENCAPSED_STRING), expecting ']' {"exception":"[object] (Symfony\\Component\\Debug\\Exception\\FatalThrowableError(code: 0): syntax error, unexpected ''logout_url'' (T_CONSTANT_ENCAPSED_STRING), expecting ']' at E:\\DESENVOLVIMENTO\\COMPUTACAO\\Equipac\\config\\adminlte.php:90)
[stacktrace]
#0 E:\\DESENVOLVIMENTO\\COMPUTACAO\\Equipac\\vendor\\laravel\\framework\\src\\Illuminate\\Foundation\\Bootstrap\\LoadConfiguration.php(39): Illuminate\\Foundation\\Bootstrap\\LoadConfiguration->loadConfigurationFiles(Object(Illuminate\\Foundation\\Application), Object(Illuminate\\Config\\Repository))
#1 E:\\DESENVOLVIMENTO\\COMPUTACAO\\Equipac\\vendor\\laravel\\framework\\src\\Illuminate\\Foundation\\Application.php(210): Illuminate\\Foundation\\Bootstrap\\LoadConfiguration->bootstrap(Object(Illuminate\\Foundation\\Application))
#2 E:\\DESENVOLVIMENTO\\COMPUTACAO\\Equipac\\vendor\\laravel\\framework\\src\\Illuminate\\Foundation\\Http\\Kernel.php(162): Illuminate\\Foundation\\Application->bootstrapWith(Array)
#3 E:\\DESENVOLVIMENTO\\COMPUTACAO\\Equipac\\vendor\\laravel\\framework\\src\\Illuminate\\Foundation\\Http\\Kernel.php(146): Illuminate\\Foundation\\Http\\Kernel->bootstrap()
#4 E:\\DESENVOLVIMENTO\\COMPUTACAO\\Equipac\\vendor\\laravel\\framework\\src\\Illuminate\\Foundation\\Http\\Kernel.php(116): Illuminate\\Foundation\\Http\\Kernel->sendRequestThroughRouter(Object(Illuminate\\Http\\Request))
#5 E:\\DESENVOLVIMENTO\\COMPUTACAO\\Equipac\\public\\index.php(55): Illuminate\\Foundation\\Http\\Kernel->handle(Object(Illuminate\\Http\\Request))
#6 E:\\DESENVOLVIMENTO\\COMPUTACAO\\Equipac\\server.php(21): require_once('E:\\\\DESENVOLVIME...')
#7 {main}
"} 
[2019-04-22 19:55:58] laravel.EMERGENCY: Unable to create configured logger. Using emergency logger. {"exception":"[object] (InvalidArgumentException(code: 0): Log [] is not defined. at E:\\DESENVOLVIMENTO\\COMPUTACAO\\Equipac\\vendor\\laravel\\framework\\src\\Illuminate\\Log\\LogManager.php:168)
[stacktrace]
#0 E:\\DESENVOLVIMENTO\\COMPUTACAO\\Equipac\\vendor\\laravel\\framework\\src\\Illuminate\\Log\\LogManager.php(102): Illuminate\\Log\\LogManager->resolve(NULL)
#1 E:\\DESENVOLVIMENTO\\COMPUTACAO\\Equipac\\vendor\\laravel\\framework\\src\\Illuminate\\Log\\LogManager.php(90): Illuminate\\Log\\LogManager->get(NULL)
#2 E:\\DESENVOLVIMENTO\\COMPUTACAO\\Equipac\\vendor\\laravel\\framework\\src\\Illuminate\\Log\\LogManager.php(500): Illuminate\\Log\\LogManager->driver()
#3 E:\\DESENVOLVIMENTO\\COMPUTACAO\\Equipac\\vendor\\laravel\\framework\\src\\Illuminate\\Foundation\\Exceptions\\Handler.php(114): Illuminate\\Log\\LogManager->error('syntax error, u...', Array)
#4 E:\\DESENVOLVIMENTO\\COMPUTACAO\\Equipac\\app\\Exceptions\\Handler.php(37): Illuminate\\Foundation\\Exceptions\\Handler->report(Object(Symfony\\Component\\Debug\\Exception\\FatalThrowableError))
#5 E:\\DESENVOLVIMENTO\\COMPUTACAO\\Equipac\\vendor\\laravel\\framework\\src\\Illuminate\\Foundation\\Http\\Kernel.php(314): equipac\\Exceptions\\Handler->report(Object(Symfony\\Component\\Debug\\Exception\\FatalThrowableError))
#6 E:\\DESENVOLVIMENTO\\COMPUTACAO\\Equipac\\vendor\\laravel\\framework\\src\\Illuminate\\Foundation\\Http\\Kernel.php(122): Illuminate\\Foundation\\Http\\Kernel->reportException(Object(Symfony\\Component\\Debug\\Exception\\FatalThrowableError))
#7 E:\\DESENVOLVIMENTO\\COMPUTACAO\\Equipac\\public\\index.php(55): Illuminate\\Foundation\\Http\\Kernel->handle(Object(Illuminate\\Http\\Request))
#8 E:\\DESENVOLVIMENTO\\COMPUTACAO\\Equipac\\server.php(21): require_once('E:\\\\DESENVOLVIME...')
#9 {main}
"} 
[2019-04-22 19:55:58] laravel.ERROR: syntax error, unexpected ''logout_url'' (T_CONSTANT_ENCAPSED_STRING), expecting ']' {"exception":"[object] (Symfony\\Component\\Debug\\Exception\\FatalThrowableError(code: 0): syntax error, unexpected ''logout_url'' (T_CONSTANT_ENCAPSED_STRING), expecting ']' at E:\\DESENVOLVIMENTO\\COMPUTACAO\\Equipac\\config\\adminlte.php:90)
[stacktrace]
#0 E:\\DESENVOLVIMENTO\\COMPUTACAO\\Equipac\\vendor\\laravel\\framework\\src\\Illuminate\\Foundation\\Bootstrap\\LoadConfiguration.php(39): Illuminate\\Foundation\\Bootstrap\\LoadConfiguration->loadConfigurationFiles(Object(Illuminate\\Foundation\\Application), Object(Illuminate\\Config\\Repository))
#1 E:\\DESENVOLVIMENTO\\COMPUTACAO\\Equipac\\vendor\\laravel\\framework\\src\\Illuminate\\Foundation\\Application.php(210): Illuminate\\Foundation\\Bootstrap\\LoadConfiguration->bootstrap(Object(Illuminate\\Foundation\\Application))
#2 E:\\DESENVOLVIMENTO\\COMPUTACAO\\Equipac\\vendor\\laravel\\framework\\src\\Illuminate\\Foundation\\Http\\Kernel.php(162): Illuminate\\Foundation\\Application->bootstrapWith(Array)
#3 E:\\DESENVOLVIMENTO\\COMPUTACAO\\Equipac\\vendor\\laravel\\framework\\src\\Illuminate\\Foundation\\Http\\Kernel.php(146): Illuminate\\Foundation\\Http\\Kernel->bootstrap()
#4 E:\\DESENVOLVIMENTO\\COMPUTACAO\\Equipac\\vendor\\laravel\\framework\\src\\Illuminate\\Foundation\\Http\\Kernel.php(116): Illuminate\\Foundation\\Http\\Kernel->sendRequestThroughRouter(Object(Illuminate\\Http\\Request))
#5 E:\\DESENVOLVIMENTO\\COMPUTACAO\\Equipac\\public\\index.php(55): Illuminate\\Foundation\\Http\\Kernel->handle(Object(Illuminate\\Http\\Request))
#6 E:\\DESENVOLVIMENTO\\COMPUTACAO\\Equipac\\server.php(21): require_once('E:\\\\DESENVOLVIME...')
#7 {main}
"} 
[2019-04-22 19:56:06] laravel.EMERGENCY: Unable to create configured logger. Using emergency logger. {"exception":"[object] (InvalidArgumentException(code: 0): Log [] is not defined. at E:\\DESENVOLVIMENTO\\COMPUTACAO\\Equipac\\vendor\\laravel\\framework\\src\\Illuminate\\Log\\LogManager.php:168)
[stacktrace]
#0 E:\\DESENVOLVIMENTO\\COMPUTACAO\\Equipac\\vendor\\laravel\\framework\\src\\Illuminate\\Log\\LogManager.php(102): Illuminate\\Log\\LogManager->resolve(NULL)
#1 E:\\DESENVOLVIMENTO\\COMPUTACAO\\Equipac\\vendor\\laravel\\framework\\src\\Illuminate\\Log\\LogManager.php(90): Illuminate\\Log\\LogManager->get(NULL)
#2 E:\\DESENVOLVIMENTO\\COMPUTACAO\\Equipac\\vendor\\laravel\\framework\\src\\Illuminate\\Log\\LogManager.php(500): Illuminate\\Log\\LogManager->driver()
#3 E:\\DESENVOLVIMENTO\\COMPUTACAO\\Equipac\\vendor\\laravel\\framework\\src\\Illuminate\\Foundation\\Exceptions\\Handler.php(114): Illuminate\\Log\\LogManager->error('syntax error, u...', Array)
#4 E:\\DESENVOLVIMENTO\\COMPUTACAO\\Equipac\\app\\Exceptions\\Handler.php(37): Illuminate\\Foundation\\Exceptions\\Handler->report(Object(Symfony\\Component\\Debug\\Exception\\FatalThrowableError))
#5 E:\\DESENVOLVIMENTO\\COMPUTACAO\\Equipac\\vendor\\laravel\\framework\\src\\Illuminate\\Foundation\\Http\\Kernel.php(314): equipac\\Exceptions\\Handler->report(Object(Symfony\\Component\\Debug\\Exception\\FatalThrowableError))
#6 E:\\DESENVOLVIMENTO\\COMPUTACAO\\Equipac\\vendor\\laravel\\framework\\src\\Illuminate\\Foundation\\Http\\Kernel.php(122): Illuminate\\Foundation\\Http\\Kernel->reportException(Object(Symfony\\Component\\Debug\\Exception\\FatalThrowableError))
#7 E:\\DESENVOLVIMENTO\\COMPUTACAO\\Equipac\\public\\index.php(55): Illuminate\\Foundation\\Http\\Kernel->handle(Object(Illuminate\\Http\\Request))
#8 E:\\DESENVOLVIMENTO\\COMPUTACAO\\Equipac\\server.php(21): require_once('E:\\\\DESENVOLVIME...')
#9 {main}
"} 
[2019-04-22 19:56:06] laravel.ERROR: syntax error, unexpected ''logout_url'' (T_CONSTANT_ENCAPSED_STRING), expecting ']' {"exception":"[object] (Symfony\\Component\\Debug\\Exception\\FatalThrowableError(code: 0): syntax error, unexpected ''logout_url'' (T_CONSTANT_ENCAPSED_STRING), expecting ']' at E:\\DESENVOLVIMENTO\\COMPUTACAO\\Equipac\\config\\adminlte.php:90)
[stacktrace]
#0 E:\\DESENVOLVIMENTO\\COMPUTACAO\\Equipac\\vendor\\laravel\\framework\\src\\Illuminate\\Foundation\\Bootstrap\\LoadConfiguration.php(39): Illuminate\\Foundation\\Bootstrap\\LoadConfiguration->loadConfigurationFiles(Object(Illuminate\\Foundation\\Application), Object(Illuminate\\Config\\Repository))
#1 E:\\DESENVOLVIMENTO\\COMPUTACAO\\Equipac\\vendor\\laravel\\framework\\src\\Illuminate\\Foundation\\Application.php(210): Illuminate\\Foundation\\Bootstrap\\LoadConfiguration->bootstrap(Object(Illuminate\\Foundation\\Application))
#2 E:\\DESENVOLVIMENTO\\COMPUTACAO\\Equipac\\vendor\\laravel\\framework\\src\\Illuminate\\Foundation\\Http\\Kernel.php(162): Illuminate\\Foundation\\Application->bootstrapWith(Array)
#3 E:\\DESENVOLVIMENTO\\COMPUTACAO\\Equipac\\vendor\\laravel\\framework\\src\\Illuminate\\Foundation\\Http\\Kernel.php(146): Illuminate\\Foundation\\Http\\Kernel->bootstrap()
#4 E:\\DESENVOLVIMENTO\\COMPUTACAO\\Equipac\\vendor\\laravel\\framework\\src\\Illuminate\\Foundation\\Http\\Kernel.php(116): Illuminate\\Foundation\\Http\\Kernel->sendRequestThroughRouter(Object(Illuminate\\Http\\Request))
#5 E:\\DESENVOLVIMENTO\\COMPUTACAO\\Equipac\\public\\index.php(55): Illuminate\\Foundation\\Http\\Kernel->handle(Object(Illuminate\\Http\\Request))
#6 E:\\DESENVOLVIMENTO\\COMPUTACAO\\Equipac\\server.php(21): require_once('E:\\\\DESENVOLVIME...')
#7 {main}
"} 
[2019-04-22 19:56:07] laravel.EMERGENCY: Unable to create configured logger. Using emergency logger. {"exception":"[object] (InvalidArgumentException(code: 0): Log [] is not defined. at E:\\DESENVOLVIMENTO\\COMPUTACAO\\Equipac\\vendor\\laravel\\framework\\src\\Illuminate\\Log\\LogManager.php:168)
[stacktrace]
#0 E:\\DESENVOLVIMENTO\\COMPUTACAO\\Equipac\\vendor\\laravel\\framework\\src\\Illuminate\\Log\\LogManager.php(102): Illuminate\\Log\\LogManager->resolve(NULL)
#1 E:\\DESENVOLVIMENTO\\COMPUTACAO\\Equipac\\vendor\\laravel\\framework\\src\\Illuminate\\Log\\LogManager.php(90): Illuminate\\Log\\LogManager->get(NULL)
#2 E:\\DESENVOLVIMENTO\\COMPUTACAO\\Equipac\\vendor\\laravel\\framework\\src\\Illuminate\\Log\\LogManager.php(500): Illuminate\\Log\\LogManager->driver()
#3 E:\\DESENVOLVIMENTO\\COMPUTACAO\\Equipac\\vendor\\laravel\\framework\\src\\Illuminate\\Foundation\\Exceptions\\Handler.php(114): Illuminate\\Log\\LogManager->error('syntax error, u...', Array)
#4 E:\\DESENVOLVIMENTO\\COMPUTACAO\\Equipac\\app\\Exceptions\\Handler.php(37): Illuminate\\Foundation\\Exceptions\\Handler->report(Object(Symfony\\Component\\Debug\\Exception\\FatalThrowableError))
#5 E:\\DESENVOLVIMENTO\\COMPUTACAO\\Equipac\\vendor\\laravel\\framework\\src\\Illuminate\\Foundation\\Http\\Kernel.php(314): equipac\\Exceptions\\Handler->report(Object(Symfony\\Component\\Debug\\Exception\\FatalThrowableError))
#6 E:\\DESENVOLVIMENTO\\COMPUTACAO\\Equipac\\vendor\\laravel\\framework\\src\\Illuminate\\Foundation\\Http\\Kernel.php(122): Illuminate\\Foundation\\Http\\Kernel->reportException(Object(Symfony\\Component\\Debug\\Exception\\FatalThrowableError))
#7 E:\\DESENVOLVIMENTO\\COMPUTACAO\\Equipac\\public\\index.php(55): Illuminate\\Foundation\\Http\\Kernel->handle(Object(Illuminate\\Http\\Request))
#8 E:\\DESENVOLVIMENTO\\COMPUTACAO\\Equipac\\server.php(21): require_once('E:\\\\DESENVOLVIME...')
#9 {main}
"} 
[2019-04-22 19:56:07] laravel.ERROR: syntax error, unexpected ''logout_url'' (T_CONSTANT_ENCAPSED_STRING), expecting ']' {"exception":"[object] (Symfony\\Component\\Debug\\Exception\\FatalThrowableError(code: 0): syntax error, unexpected ''logout_url'' (T_CONSTANT_ENCAPSED_STRING), expecting ']' at E:\\DESENVOLVIMENTO\\COMPUTACAO\\Equipac\\config\\adminlte.php:90)
[stacktrace]
#0 E:\\DESENVOLVIMENTO\\COMPUTACAO\\Equipac\\vendor\\laravel\\framework\\src\\Illuminate\\Foundation\\Bootstrap\\LoadConfiguration.php(39): Illuminate\\Foundation\\Bootstrap\\LoadConfiguration->loadConfigurationFiles(Object(Illuminate\\Foundation\\Application), Object(Illuminate\\Config\\Repository))
#1 E:\\DESENVOLVIMENTO\\COMPUTACAO\\Equipac\\vendor\\laravel\\framework\\src\\Illuminate\\Foundation\\Application.php(210): Illuminate\\Foundation\\Bootstrap\\LoadConfiguration->bootstrap(Object(Illuminate\\Foundation\\Application))
#2 E:\\DESENVOLVIMENTO\\COMPUTACAO\\Equipac\\vendor\\laravel\\framework\\src\\Illuminate\\Foundation\\Http\\Kernel.php(162): Illuminate\\Foundation\\Application->bootstrapWith(Array)
#3 E:\\DESENVOLVIMENTO\\COMPUTACAO\\Equipac\\vendor\\laravel\\framework\\src\\Illuminate\\Foundation\\Http\\Kernel.php(146): Illuminate\\Foundation\\Http\\Kernel->bootstrap()
#4 E:\\DESENVOLVIMENTO\\COMPUTACAO\\Equipac\\vendor\\laravel\\framework\\src\\Illuminate\\Foundation\\Http\\Kernel.php(116): Illuminate\\Foundation\\Http\\Kernel->sendRequestThroughRouter(Object(Illuminate\\Http\\Request))
#5 E:\\DESENVOLVIMENTO\\COMPUTACAO\\Equipac\\public\\index.php(55): Illuminate\\Foundation\\Http\\Kernel->handle(Object(Illuminate\\Http\\Request))
#6 E:\\DESENVOLVIMENTO\\COMPUTACAO\\Equipac\\server.php(21): require_once('E:\\\\DESENVOLVIME...')
#7 {main}
"} 
[2019-04-22 19:56:33] laravel.EMERGENCY: Unable to create configured logger. Using emergency logger. {"exception":"[object] (InvalidArgumentException(code: 0): Log [] is not defined. at E:\\DESENVOLVIMENTO\\COMPUTACAO\\Equipac\\vendor\\laravel\\framework\\src\\Illuminate\\Log\\LogManager.php:168)
[stacktrace]
#0 E:\\DESENVOLVIMENTO\\COMPUTACAO\\Equipac\\vendor\\laravel\\framework\\src\\Illuminate\\Log\\LogManager.php(102): Illuminate\\Log\\LogManager->resolve(NULL)
#1 E:\\DESENVOLVIMENTO\\COMPUTACAO\\Equipac\\vendor\\laravel\\framework\\src\\Illuminate\\Log\\LogManager.php(90): Illuminate\\Log\\LogManager->get(NULL)
#2 E:\\DESENVOLVIMENTO\\COMPUTACAO\\Equipac\\vendor\\laravel\\framework\\src\\Illuminate\\Log\\LogManager.php(500): Illuminate\\Log\\LogManager->driver()
#3 E:\\DESENVOLVIMENTO\\COMPUTACAO\\Equipac\\vendor\\laravel\\framework\\src\\Illuminate\\Foundation\\Exceptions\\Handler.php(114): Illuminate\\Log\\LogManager->error('syntax error, u...', Array)
#4 E:\\DESENVOLVIMENTO\\COMPUTACAO\\Equipac\\app\\Exceptions\\Handler.php(37): Illuminate\\Foundation\\Exceptions\\Handler->report(Object(Symfony\\Component\\Debug\\Exception\\FatalThrowableError))
#5 E:\\DESENVOLVIMENTO\\COMPUTACAO\\Equipac\\vendor\\laravel\\framework\\src\\Illuminate\\Foundation\\Console\\Kernel.php(367): equipac\\Exceptions\\Handler->report(Object(Symfony\\Component\\Debug\\Exception\\FatalThrowableError))
#6 E:\\DESENVOLVIMENTO\\COMPUTACAO\\Equipac\\vendor\\laravel\\framework\\src\\Illuminate\\Foundation\\Console\\Kernel.php(132): Illuminate\\Foundation\\Console\\Kernel->reportException(Object(Symfony\\Component\\Debug\\Exception\\FatalThrowableError))
#7 E:\\DESENVOLVIMENTO\\COMPUTACAO\\Equipac\\artisan(37): Illuminate\\Foundation\\Console\\Kernel->handle(Object(Symfony\\Component\\Console\\Input\\ArgvInput), Object(Symfony\\Component\\Console\\Output\\ConsoleOutput))
#8 {main}
"} 
[2019-04-22 19:56:33] laravel.ERROR: syntax error, unexpected ''logout_url'' (T_CONSTANT_ENCAPSED_STRING), expecting ']' {"exception":"[object] (Symfony\\Component\\Debug\\Exception\\FatalThrowableError(code: 0): syntax error, unexpected ''logout_url'' (T_CONSTANT_ENCAPSED_STRING), expecting ']' at E:\\DESENVOLVIMENTO\\COMPUTACAO\\Equipac\\config\\adminlte.php:90)
[stacktrace]
#0 E:\\DESENVOLVIMENTO\\COMPUTACAO\\Equipac\\vendor\\laravel\\framework\\src\\Illuminate\\Foundation\\Bootstrap\\LoadConfiguration.php(39): Illuminate\\Foundation\\Bootstrap\\LoadConfiguration->loadConfigurationFiles(Object(Illuminate\\Foundation\\Application), Object(Illuminate\\Config\\Repository))
#1 E:\\DESENVOLVIMENTO\\COMPUTACAO\\Equipac\\vendor\\laravel\\framework\\src\\Illuminate\\Foundation\\Application.php(210): Illuminate\\Foundation\\Bootstrap\\LoadConfiguration->bootstrap(Object(Illuminate\\Foundation\\Application))
#2 E:\\DESENVOLVIMENTO\\COMPUTACAO\\Equipac\\vendor\\laravel\\framework\\src\\Illuminate\\Foundation\\Console\\Kernel.php(311): Illuminate\\Foundation\\Application->bootstrapWith(Array)
#3 E:\\DESENVOLVIMENTO\\COMPUTACAO\\Equipac\\vendor\\laravel\\framework\\src\\Illuminate\\Foundation\\Console\\Kernel.php(120): Illuminate\\Foundation\\Console\\Kernel->bootstrap()
#4 E:\\DESENVOLVIMENTO\\COMPUTACAO\\Equipac\\artisan(37): Illuminate\\Foundation\\Console\\Kernel->handle(Object(Symfony\\Component\\Console\\Input\\ArgvInput), Object(Symfony\\Component\\Console\\Output\\ConsoleOutput))
#5 {main}
"} 
[2019-05-08 19:08:37] laravel.EMERGENCY: Unable to create configured logger. Using emergency logger. {"exception":"[object] (InvalidArgumentException(code: 0): Log [] is not defined. at E:\\DESENVOLVIMENTO\\COMPUTACAO\\Equipac\\vendor\\laravel\\framework\\src\\Illuminate\\Log\\LogManager.php:168)
[stacktrace]
#0 E:\\DESENVOLVIMENTO\\COMPUTACAO\\Equipac\\vendor\\laravel\\framework\\src\\Illuminate\\Log\\LogManager.php(102): Illuminate\\Log\\LogManager->resolve(NULL)
#1 E:\\DESENVOLVIMENTO\\COMPUTACAO\\Equipac\\vendor\\laravel\\framework\\src\\Illuminate\\Log\\LogManager.php(90): Illuminate\\Log\\LogManager->get(NULL)
#2 E:\\DESENVOLVIMENTO\\COMPUTACAO\\Equipac\\vendor\\laravel\\framework\\src\\Illuminate\\Log\\LogManager.php(500): Illuminate\\Log\\LogManager->driver()
#3 E:\\DESENVOLVIMENTO\\COMPUTACAO\\Equipac\\vendor\\laravel\\framework\\src\\Illuminate\\Foundation\\Exceptions\\Handler.php(114): Illuminate\\Log\\LogManager->error('syntax error, u...', Array)
#4 E:\\DESENVOLVIMENTO\\COMPUTACAO\\Equipac\\app\\Exceptions\\Handler.php(38): Illuminate\\Foundation\\Exceptions\\Handler->report(Object(Symfony\\Component\\Debug\\Exception\\FatalThrowableError))
#5 E:\\DESENVOLVIMENTO\\COMPUTACAO\\Equipac\\vendor\\laravel\\framework\\src\\Illuminate\\Foundation\\Http\\Kernel.php(314): equipac\\Exceptions\\Handler->report(Object(Symfony\\Component\\Debug\\Exception\\FatalThrowableError))
#6 E:\\DESENVOLVIMENTO\\COMPUTACAO\\Equipac\\vendor\\laravel\\framework\\src\\Illuminate\\Foundation\\Http\\Kernel.php(122): Illuminate\\Foundation\\Http\\Kernel->reportException(Object(Symfony\\Component\\Debug\\Exception\\FatalThrowableError))
#7 E:\\DESENVOLVIMENTO\\COMPUTACAO\\Equipac\\public\\index.php(55): Illuminate\\Foundation\\Http\\Kernel->handle(Object(Illuminate\\Http\\Request))
#8 E:\\DESENVOLVIMENTO\\COMPUTACAO\\Equipac\\server.php(21): require_once('E:\\\\DESENVOLVIME...')
#9 {main}
"} 
[2019-05-08 19:08:37] laravel.ERROR: syntax error, unexpected 'icon' (T_STRING), expecting ']' {"exception":"[object] (Symfony\\Component\\Debug\\Exception\\FatalThrowableError(code: 0): syntax error, unexpected 'icon' (T_STRING), expecting ']' at E:\\DESENVOLVIMENTO\\COMPUTACAO\\Equipac\\config\\adminlte.php:165)
[stacktrace]
#0 E:\\DESENVOLVIMENTO\\COMPUTACAO\\Equipac\\vendor\\laravel\\framework\\src\\Illuminate\\Foundation\\Bootstrap\\LoadConfiguration.php(39): Illuminate\\Foundation\\Bootstrap\\LoadConfiguration->loadConfigurationFiles(Object(Illuminate\\Foundation\\Application), Object(Illuminate\\Config\\Repository))
#1 E:\\DESENVOLVIMENTO\\COMPUTACAO\\Equipac\\vendor\\laravel\\framework\\src\\Illuminate\\Foundation\\Application.php(210): Illuminate\\Foundation\\Bootstrap\\LoadConfiguration->bootstrap(Object(Illuminate\\Foundation\\Application))
#2 E:\\DESENVOLVIMENTO\\COMPUTACAO\\Equipac\\vendor\\laravel\\framework\\src\\Illuminate\\Foundation\\Http\\Kernel.php(162): Illuminate\\Foundation\\Application->bootstrapWith(Array)
#3 E:\\DESENVOLVIMENTO\\COMPUTACAO\\Equipac\\vendor\\laravel\\framework\\src\\Illuminate\\Foundation\\Http\\Kernel.php(146): Illuminate\\Foundation\\Http\\Kernel->bootstrap()
#4 E:\\DESENVOLVIMENTO\\COMPUTACAO\\Equipac\\vendor\\laravel\\framework\\src\\Illuminate\\Foundation\\Http\\Kernel.php(116): Illuminate\\Foundation\\Http\\Kernel->sendRequestThroughRouter(Object(Illuminate\\Http\\Request))
#5 E:\\DESENVOLVIMENTO\\COMPUTACAO\\Equipac\\public\\index.php(55): Illuminate\\Foundation\\Http\\Kernel->handle(Object(Illuminate\\Http\\Request))
#6 E:\\DESENVOLVIMENTO\\COMPUTACAO\\Equipac\\server.php(21): require_once('E:\\\\DESENVOLVIME...')
#7 {main}
"} 
[2019-05-08 19:08:40] laravel.EMERGENCY: Unable to create configured logger. Using emergency logger. {"exception":"[object] (InvalidArgumentException(code: 0): Log [] is not defined. at E:\\DESENVOLVIMENTO\\COMPUTACAO\\Equipac\\vendor\\laravel\\framework\\src\\Illuminate\\Log\\LogManager.php:168)
[stacktrace]
#0 E:\\DESENVOLVIMENTO\\COMPUTACAO\\Equipac\\vendor\\laravel\\framework\\src\\Illuminate\\Log\\LogManager.php(102): Illuminate\\Log\\LogManager->resolve(NULL)
#1 E:\\DESENVOLVIMENTO\\COMPUTACAO\\Equipac\\vendor\\laravel\\framework\\src\\Illuminate\\Log\\LogManager.php(90): Illuminate\\Log\\LogManager->get(NULL)
#2 E:\\DESENVOLVIMENTO\\COMPUTACAO\\Equipac\\vendor\\laravel\\framework\\src\\Illuminate\\Log\\LogManager.php(500): Illuminate\\Log\\LogManager->driver()
#3 E:\\DESENVOLVIMENTO\\COMPUTACAO\\Equipac\\vendor\\laravel\\framework\\src\\Illuminate\\Foundation\\Exceptions\\Handler.php(114): Illuminate\\Log\\LogManager->error('syntax error, u...', Array)
#4 E:\\DESENVOLVIMENTO\\COMPUTACAO\\Equipac\\app\\Exceptions\\Handler.php(38): Illuminate\\Foundation\\Exceptions\\Handler->report(Object(Symfony\\Component\\Debug\\Exception\\FatalThrowableError))
#5 E:\\DESENVOLVIMENTO\\COMPUTACAO\\Equipac\\vendor\\laravel\\framework\\src\\Illuminate\\Foundation\\Http\\Kernel.php(314): equipac\\Exceptions\\Handler->report(Object(Symfony\\Component\\Debug\\Exception\\FatalThrowableError))
#6 E:\\DESENVOLVIMENTO\\COMPUTACAO\\Equipac\\vendor\\laravel\\framework\\src\\Illuminate\\Foundation\\Http\\Kernel.php(122): Illuminate\\Foundation\\Http\\Kernel->reportException(Object(Symfony\\Component\\Debug\\Exception\\FatalThrowableError))
#7 E:\\DESENVOLVIMENTO\\COMPUTACAO\\Equipac\\public\\index.php(55): Illuminate\\Foundation\\Http\\Kernel->handle(Object(Illuminate\\Http\\Request))
#8 E:\\DESENVOLVIMENTO\\COMPUTACAO\\Equipac\\server.php(21): require_once('E:\\\\DESENVOLVIME...')
#9 {main}
"} 
[2019-05-08 19:08:40] laravel.ERROR: syntax error, unexpected 'icon' (T_STRING), expecting ']' {"exception":"[object] (Symfony\\Component\\Debug\\Exception\\FatalThrowableError(code: 0): syntax error, unexpected 'icon' (T_STRING), expecting ']' at E:\\DESENVOLVIMENTO\\COMPUTACAO\\Equipac\\config\\adminlte.php:165)
[stacktrace]
#0 E:\\DESENVOLVIMENTO\\COMPUTACAO\\Equipac\\vendor\\laravel\\framework\\src\\Illuminate\\Foundation\\Bootstrap\\LoadConfiguration.php(39): Illuminate\\Foundation\\Bootstrap\\LoadConfiguration->loadConfigurationFiles(Object(Illuminate\\Foundation\\Application), Object(Illuminate\\Config\\Repository))
#1 E:\\DESENVOLVIMENTO\\COMPUTACAO\\Equipac\\vendor\\laravel\\framework\\src\\Illuminate\\Foundation\\Application.php(210): Illuminate\\Foundation\\Bootstrap\\LoadConfiguration->bootstrap(Object(Illuminate\\Foundation\\Application))
#2 E:\\DESENVOLVIMENTO\\COMPUTACAO\\Equipac\\vendor\\laravel\\framework\\src\\Illuminate\\Foundation\\Http\\Kernel.php(162): Illuminate\\Foundation\\Application->bootstrapWith(Array)
#3 E:\\DESENVOLVIMENTO\\COMPUTACAO\\Equipac\\vendor\\laravel\\framework\\src\\Illuminate\\Foundation\\Http\\Kernel.php(146): Illuminate\\Foundation\\Http\\Kernel->bootstrap()
#4 E:\\DESENVOLVIMENTO\\COMPUTACAO\\Equipac\\vendor\\laravel\\framework\\src\\Illuminate\\Foundation\\Http\\Kernel.php(116): Illuminate\\Foundation\\Http\\Kernel->sendRequestThroughRouter(Object(Illuminate\\Http\\Request))
#5 E:\\DESENVOLVIMENTO\\COMPUTACAO\\Equipac\\public\\index.php(55): Illuminate\\Foundation\\Http\\Kernel->handle(Object(Illuminate\\Http\\Request))
#6 E:\\DESENVOLVIMENTO\\COMPUTACAO\\Equipac\\server.php(21): require_once('E:\\\\DESENVOLVIME...')
#7 {main}
"} 
[2019-05-08 19:08:41] laravel.EMERGENCY: Unable to create configured logger. Using emergency logger. {"exception":"[object] (InvalidArgumentException(code: 0): Log [] is not defined. at E:\\DESENVOLVIMENTO\\COMPUTACAO\\Equipac\\vendor\\laravel\\framework\\src\\Illuminate\\Log\\LogManager.php:168)
[stacktrace]
#0 E:\\DESENVOLVIMENTO\\COMPUTACAO\\Equipac\\vendor\\laravel\\framework\\src\\Illuminate\\Log\\LogManager.php(102): Illuminate\\Log\\LogManager->resolve(NULL)
#1 E:\\DESENVOLVIMENTO\\COMPUTACAO\\Equipac\\vendor\\laravel\\framework\\src\\Illuminate\\Log\\LogManager.php(90): Illuminate\\Log\\LogManager->get(NULL)
#2 E:\\DESENVOLVIMENTO\\COMPUTACAO\\Equipac\\vendor\\laravel\\framework\\src\\Illuminate\\Log\\LogManager.php(500): Illuminate\\Log\\LogManager->driver()
#3 E:\\DESENVOLVIMENTO\\COMPUTACAO\\Equipac\\vendor\\laravel\\framework\\src\\Illuminate\\Foundation\\Exceptions\\Handler.php(114): Illuminate\\Log\\LogManager->error('syntax error, u...', Array)
#4 E:\\DESENVOLVIMENTO\\COMPUTACAO\\Equipac\\app\\Exceptions\\Handler.php(38): Illuminate\\Foundation\\Exceptions\\Handler->report(Object(Symfony\\Component\\Debug\\Exception\\FatalThrowableError))
#5 E:\\DESENVOLVIMENTO\\COMPUTACAO\\Equipac\\vendor\\laravel\\framework\\src\\Illuminate\\Foundation\\Http\\Kernel.php(314): equipac\\Exceptions\\Handler->report(Object(Symfony\\Component\\Debug\\Exception\\FatalThrowableError))
#6 E:\\DESENVOLVIMENTO\\COMPUTACAO\\Equipac\\vendor\\laravel\\framework\\src\\Illuminate\\Foundation\\Http\\Kernel.php(122): Illuminate\\Foundation\\Http\\Kernel->reportException(Object(Symfony\\Component\\Debug\\Exception\\FatalThrowableError))
#7 E:\\DESENVOLVIMENTO\\COMPUTACAO\\Equipac\\public\\index.php(55): Illuminate\\Foundation\\Http\\Kernel->handle(Object(Illuminate\\Http\\Request))
#8 E:\\DESENVOLVIMENTO\\COMPUTACAO\\Equipac\\server.php(21): require_once('E:\\\\DESENVOLVIME...')
#9 {main}
"} 
[2019-05-08 19:08:41] laravel.ERROR: syntax error, unexpected 'icon' (T_STRING), expecting ']' {"exception":"[object] (Symfony\\Component\\Debug\\Exception\\FatalThrowableError(code: 0): syntax error, unexpected 'icon' (T_STRING), expecting ']' at E:\\DESENVOLVIMENTO\\COMPUTACAO\\Equipac\\config\\adminlte.php:165)
[stacktrace]
#0 E:\\DESENVOLVIMENTO\\COMPUTACAO\\Equipac\\vendor\\laravel\\framework\\src\\Illuminate\\Foundation\\Bootstrap\\LoadConfiguration.php(39): Illuminate\\Foundation\\Bootstrap\\LoadConfiguration->loadConfigurationFiles(Object(Illuminate\\Foundation\\Application), Object(Illuminate\\Config\\Repository))
#1 E:\\DESENVOLVIMENTO\\COMPUTACAO\\Equipac\\vendor\\laravel\\framework\\src\\Illuminate\\Foundation\\Application.php(210): Illuminate\\Foundation\\Bootstrap\\LoadConfiguration->bootstrap(Object(Illuminate\\Foundation\\Application))
#2 E:\\DESENVOLVIMENTO\\COMPUTACAO\\Equipac\\vendor\\laravel\\framework\\src\\Illuminate\\Foundation\\Http\\Kernel.php(162): Illuminate\\Foundation\\Application->bootstrapWith(Array)
#3 E:\\DESENVOLVIMENTO\\COMPUTACAO\\Equipac\\vendor\\laravel\\framework\\src\\Illuminate\\Foundation\\Http\\Kernel.php(146): Illuminate\\Foundation\\Http\\Kernel->bootstrap()
#4 E:\\DESENVOLVIMENTO\\COMPUTACAO\\Equipac\\vendor\\laravel\\framework\\src\\Illuminate\\Foundation\\Http\\Kernel.php(116): Illuminate\\Foundation\\Http\\Kernel->sendRequestThroughRouter(Object(Illuminate\\Http\\Request))
#5 E:\\DESENVOLVIMENTO\\COMPUTACAO\\Equipac\\public\\index.php(55): Illuminate\\Foundation\\Http\\Kernel->handle(Object(Illuminate\\Http\\Request))
#6 E:\\DESENVOLVIMENTO\\COMPUTACAO\\Equipac\\server.php(21): require_once('E:\\\\DESENVOLVIME...')
#7 {main}
"} 
[2019-05-08 19:08:47] laravel.EMERGENCY: Unable to create configured logger. Using emergency logger. {"exception":"[object] (InvalidArgumentException(code: 0): Log [] is not defined. at E:\\DESENVOLVIMENTO\\COMPUTACAO\\Equipac\\vendor\\laravel\\framework\\src\\Illuminate\\Log\\LogManager.php:168)
[stacktrace]
#0 E:\\DESENVOLVIMENTO\\COMPUTACAO\\Equipac\\vendor\\laravel\\framework\\src\\Illuminate\\Log\\LogManager.php(102): Illuminate\\Log\\LogManager->resolve(NULL)
#1 E:\\DESENVOLVIMENTO\\COMPUTACAO\\Equipac\\vendor\\laravel\\framework\\src\\Illuminate\\Log\\LogManager.php(90): Illuminate\\Log\\LogManager->get(NULL)
#2 E:\\DESENVOLVIMENTO\\COMPUTACAO\\Equipac\\vendor\\laravel\\framework\\src\\Illuminate\\Log\\LogManager.php(500): Illuminate\\Log\\LogManager->driver()
#3 E:\\DESENVOLVIMENTO\\COMPUTACAO\\Equipac\\vendor\\laravel\\framework\\src\\Illuminate\\Foundation\\Exceptions\\Handler.php(114): Illuminate\\Log\\LogManager->error('syntax error, u...', Array)
#4 E:\\DESENVOLVIMENTO\\COMPUTACAO\\Equipac\\app\\Exceptions\\Handler.php(38): Illuminate\\Foundation\\Exceptions\\Handler->report(Object(Symfony\\Component\\Debug\\Exception\\FatalThrowableError))
#5 E:\\DESENVOLVIMENTO\\COMPUTACAO\\Equipac\\vendor\\laravel\\framework\\src\\Illuminate\\Foundation\\Http\\Kernel.php(314): equipac\\Exceptions\\Handler->report(Object(Symfony\\Component\\Debug\\Exception\\FatalThrowableError))
#6 E:\\DESENVOLVIMENTO\\COMPUTACAO\\Equipac\\vendor\\laravel\\framework\\src\\Illuminate\\Foundation\\Http\\Kernel.php(122): Illuminate\\Foundation\\Http\\Kernel->reportException(Object(Symfony\\Component\\Debug\\Exception\\FatalThrowableError))
#7 E:\\DESENVOLVIMENTO\\COMPUTACAO\\Equipac\\public\\index.php(55): Illuminate\\Foundation\\Http\\Kernel->handle(Object(Illuminate\\Http\\Request))
#8 E:\\DESENVOLVIMENTO\\COMPUTACAO\\Equipac\\server.php(21): require_once('E:\\\\DESENVOLVIME...')
#9 {main}
"} 
[2019-05-08 19:08:47] laravel.ERROR: syntax error, unexpected 'icon' (T_STRING), expecting ']' {"exception":"[object] (Symfony\\Component\\Debug\\Exception\\FatalThrowableError(code: 0): syntax error, unexpected 'icon' (T_STRING), expecting ']' at E:\\DESENVOLVIMENTO\\COMPUTACAO\\Equipac\\config\\adminlte.php:165)
[stacktrace]
#0 E:\\DESENVOLVIMENTO\\COMPUTACAO\\Equipac\\vendor\\laravel\\framework\\src\\Illuminate\\Foundation\\Bootstrap\\LoadConfiguration.php(39): Illuminate\\Foundation\\Bootstrap\\LoadConfiguration->loadConfigurationFiles(Object(Illuminate\\Foundation\\Application), Object(Illuminate\\Config\\Repository))
#1 E:\\DESENVOLVIMENTO\\COMPUTACAO\\Equipac\\vendor\\laravel\\framework\\src\\Illuminate\\Foundation\\Application.php(210): Illuminate\\Foundation\\Bootstrap\\LoadConfiguration->bootstrap(Object(Illuminate\\Foundation\\Application))
#2 E:\\DESENVOLVIMENTO\\COMPUTACAO\\Equipac\\vendor\\laravel\\framework\\src\\Illuminate\\Foundation\\Http\\Kernel.php(162): Illuminate\\Foundation\\Application->bootstrapWith(Array)
#3 E:\\DESENVOLVIMENTO\\COMPUTACAO\\Equipac\\vendor\\laravel\\framework\\src\\Illuminate\\Foundation\\Http\\Kernel.php(146): Illuminate\\Foundation\\Http\\Kernel->bootstrap()
#4 E:\\DESENVOLVIMENTO\\COMPUTACAO\\Equipac\\vendor\\laravel\\framework\\src\\Illuminate\\Foundation\\Http\\Kernel.php(116): Illuminate\\Foundation\\Http\\Kernel->sendRequestThroughRouter(Object(Illuminate\\Http\\Request))
#5 E:\\DESENVOLVIMENTO\\COMPUTACAO\\Equipac\\public\\index.php(55): Illuminate\\Foundation\\Http\\Kernel->handle(Object(Illuminate\\Http\\Request))
#6 E:\\DESENVOLVIMENTO\\COMPUTACAO\\Equipac\\server.php(21): require_once('E:\\\\DESENVOLVIME...')
#7 {main}
"} 
[2019-05-08 19:08:55] laravel.EMERGENCY: Unable to create configured logger. Using emergency logger. {"exception":"[object] (InvalidArgumentException(code: 0): Log [] is not defined. at E:\\DESENVOLVIMENTO\\COMPUTACAO\\Equipac\\vendor\\laravel\\framework\\src\\Illuminate\\Log\\LogManager.php:168)
[stacktrace]
#0 E:\\DESENVOLVIMENTO\\COMPUTACAO\\Equipac\\vendor\\laravel\\framework\\src\\Illuminate\\Log\\LogManager.php(102): Illuminate\\Log\\LogManager->resolve(NULL)
#1 E:\\DESENVOLVIMENTO\\COMPUTACAO\\Equipac\\vendor\\laravel\\framework\\src\\Illuminate\\Log\\LogManager.php(90): Illuminate\\Log\\LogManager->get(NULL)
#2 E:\\DESENVOLVIMENTO\\COMPUTACAO\\Equipac\\vendor\\laravel\\framework\\src\\Illuminate\\Log\\LogManager.php(500): Illuminate\\Log\\LogManager->driver()
#3 E:\\DESENVOLVIMENTO\\COMPUTACAO\\Equipac\\vendor\\laravel\\framework\\src\\Illuminate\\Foundation\\Exceptions\\Handler.php(114): Illuminate\\Log\\LogManager->error('syntax error, u...', Array)
#4 E:\\DESENVOLVIMENTO\\COMPUTACAO\\Equipac\\app\\Exceptions\\Handler.php(38): Illuminate\\Foundation\\Exceptions\\Handler->report(Object(Symfony\\Component\\Debug\\Exception\\FatalThrowableError))
#5 E:\\DESENVOLVIMENTO\\COMPUTACAO\\Equipac\\vendor\\laravel\\framework\\src\\Illuminate\\Foundation\\Console\\Kernel.php(367): equipac\\Exceptions\\Handler->report(Object(Symfony\\Component\\Debug\\Exception\\FatalThrowableError))
#6 E:\\DESENVOLVIMENTO\\COMPUTACAO\\Equipac\\vendor\\laravel\\framework\\src\\Illuminate\\Foundation\\Console\\Kernel.php(132): Illuminate\\Foundation\\Console\\Kernel->reportException(Object(Symfony\\Component\\Debug\\Exception\\FatalThrowableError))
#7 E:\\DESENVOLVIMENTO\\COMPUTACAO\\Equipac\\artisan(37): Illuminate\\Foundation\\Console\\Kernel->handle(Object(Symfony\\Component\\Console\\Input\\ArgvInput), Object(Symfony\\Component\\Console\\Output\\ConsoleOutput))
#8 {main}
"} 
[2019-05-08 19:08:55] laravel.ERROR: syntax error, unexpected 'icon' (T_STRING), expecting ']' {"exception":"[object] (Symfony\\Component\\Debug\\Exception\\FatalThrowableError(code: 0): syntax error, unexpected 'icon' (T_STRING), expecting ']' at E:\\DESENVOLVIMENTO\\COMPUTACAO\\Equipac\\config\\adminlte.php:165)
[stacktrace]
#0 E:\\DESENVOLVIMENTO\\COMPUTACAO\\Equipac\\vendor\\laravel\\framework\\src\\Illuminate\\Foundation\\Bootstrap\\LoadConfiguration.php(39): Illuminate\\Foundation\\Bootstrap\\LoadConfiguration->loadConfigurationFiles(Object(Illuminate\\Foundation\\Application), Object(Illuminate\\Config\\Repository))
#1 E:\\DESENVOLVIMENTO\\COMPUTACAO\\Equipac\\vendor\\laravel\\framework\\src\\Illuminate\\Foundation\\Application.php(210): Illuminate\\Foundation\\Bootstrap\\LoadConfiguration->bootstrap(Object(Illuminate\\Foundation\\Application))
#2 E:\\DESENVOLVIMENTO\\COMPUTACAO\\Equipac\\vendor\\laravel\\framework\\src\\Illuminate\\Foundation\\Console\\Kernel.php(311): Illuminate\\Foundation\\Application->bootstrapWith(Array)
#3 E:\\DESENVOLVIMENTO\\COMPUTACAO\\Equipac\\vendor\\laravel\\framework\\src\\Illuminate\\Foundation\\Console\\Kernel.php(120): Illuminate\\Foundation\\Console\\Kernel->bootstrap()
#4 E:\\DESENVOLVIMENTO\\COMPUTACAO\\Equipac\\artisan(37): Illuminate\\Foundation\\Console\\Kernel->handle(Object(Symfony\\Component\\Console\\Input\\ArgvInput), Object(Symfony\\Component\\Console\\Output\\ConsoleOutput))
#5 {main}
"} 
